 **********************************************************************

             Second-order Perturbative Anharmonic Analysis

 **********************************************************************
 JULIEN                       1                       1
 COS =   0.91201017 SIN =  -0.41016760
 At Ixyz  VOld(i)   VOld(j)   VNew(i)   VNew(j)
   1   1  -0.09170   0.10859   0.00000   0.07492
   1   2   0.20390  -0.05878   0.22357  -0.09815
   1   3   0.10304   0.21297   0.10304   0.21297
   2   1   0.03440  -0.04073   0.00000  -0.02810
   2   2  -0.07649   0.02205  -0.08387   0.03682
   2   3  -0.03865  -0.07989  -0.03865  -0.07989
   3   1   0.03440  -0.04073   0.00000  -0.02810
   3   2  -0.07649   0.02205  -0.08387   0.03682
   3   3  -0.03865  -0.07989  -0.03865  -0.07989

     ==================================================
               Analysis of the Rotor Symmetry
     ==================================================

 Framework Group : D*H 
 Rotor Type      : Linear Molecule
 Representation  : IIIr Representation, Ix < Iy < Iz

 For representation SGG 
    X Rotation
    Y Rotation
    4 Vibrations with frequencies:
   2421.46   1362.38    655.04    655.04
 For representation SGU 
    Z Translation
 No Vibration
 For representation PIU  (doubly degenerate)
    X Translation
    Y Translation
 No Vibration

 Input/Output information
 ------------------------
 Normal modes will be PRINTED in DESCENDING order (imag. freq. first)
   and sorted by irreducible representation
 The connection between this new numbering (A) and the one used before
   (H) is reported in the present equivalency table:
 ----+------+------+------+------+
 (H) |     1|     2|     3|     4|
 (A) |     4|     3|     2|     1|
 ----+------+------+------+------+

 Normal modes will be READ in ASCENDING order (imag. freq. first)

 TIP: To use the same numbering as in the whole output, use the option
      "Print=NMOrder=AscNoIrrep" in the "ReadAnharm section"

 TIP: To use the same numbering for reading and printing, use the option
      "DataSrc=NMOrder=Print" in the "ReadAnharm section"

 Analysis of symmetry-allowed terms
----------------------------------

                             Possible   Symmetry allowed
 Coriolis couplings:            30           20
 Third derivatives :            20           20
 Fourth derivatives: total      35           35
                     (ii|jj)    10           10
                     (ii|jk)    24           24
 WARNING: Anharmonic treatment of linear tops is still experimental and
          results should be considered with care.

     ==================================================
        Definition of the Model System: Active Modes
     ==================================================

 The    4 Active Modes are:
    1    2    3    4
 WARNING: Unreliable CUBIC force constant i=    3,j=    2,k=    4
 - Fjik and Fijk differ by   54.8%
 WARNING: Unreliable CUBIC force constant i=    2,j=    4,k=    4
 - Fjik and Fijk differ by  152.1%
 WARNING: Unreliable CUBIC force constant i=    2,j=    3,k=    4
 - Fjik and MEAN(Fijk,Fjik) differ by   95.9%
 WARNING: Unreliable CUBIC force constant i=    2,j=    3,k=    3
 - Fjik and Fijk differ by   45.5%
 WARNING: Unreliable CUBIC force constant i=    2,j=    1,k=    4
 - Fjik =   -333.96006489 while Fijk is NULL
 WARNING: Unreliable CUBIC force constant i=    2,j=    1,k=    3
 - Fjik =    186.73405918 while Fijk is NULL
 WARNING: Unreliable CUBIC force constant i=    1,j=    2,k=    4
 - Fjik and MEAN(Fijk,Fjik) differ by   50.0%
 WARNING: Unreliable CUBIC force constant i=    1,j=    2,k=    3
 - Fjik and MEAN(Fijk,Fjik) differ by   50.0%

     ==================================================
       Calculation of Derivatives w.r.t. Normal Modes
     ==================================================

 NOTE: The Magnetic dipole will not be treated due to missing data
 NOTE: The Polarizability tensor will not be treated due to missing data

     ==================================================
     Symm. Relations between Property/Energy derivativ.
     ==================================================
 Legend:
 -------
 i       : non-degenerate mode
 s,t,u   : degenerate modes.
           1,2 are appended to individuate modes with same degen. freq.
           NOTE: 1,2 are replace by letters a,b in the actual test
 F3      : cubic force constants
 F4      : quartic force constants
 NOTE: Values are non-null only if derivatives are wrt an even num. of
       normal modes with U symmetry. G/U subscripts will be dropped here.

 Nonvanishing terms and symmetry relations
 -----------------------------------------
 All terms non present in the table and function of at least 1
   degenerate mode are null.
 The first 3 columns specify the irreducible representation for which
   the rule(s) in 4th column are applicable. "*" specifies any
   representation.

  s |    |    | RULE
  * |    |    | F4(s1,s1,s1,s1)=F4(s2,s2,s2,s2)=3F4(s1,s1,s2,s2)
 ---+----+----+-------------------------------------------------------
  i |  s |    | RULE
  * |  * |    | F3(i,s1,s1)=F3(i,s2,s2)
  * |  * |    | F4(i,i,s1,s1)=F4(i,i,s2,s2)
 ---+----+----+-------------------------------------------------------
  s |  t |    | RULE
  * |  * |    | F4(s1,s1,t1,t1)=F4(s2,s2,t2,t2)
  * |  * |    | F4(s1,s1,t2,t2)=F4(s2,s2,t1,t1)
 ---+----+----+-------------------------------------------------------
  i |  s |  t | RULE
  * |  * |  * | F3(i,s1,t1)=F3(i,s2,t2)

 Legend:
 -------
 NumErr : Numerical error in magnitude. Values are expected to be equal.
          NOTE: This test is only based on the symmetry of the molecule.
 SymErr : Error in value/sign based on the symm. of the normal modes.
          NOTE: This test requires the def. of irreducible representation.

 Analysis of symmetry relations in cubic force constants
 -------------------------------------------------------

 Total of NumErr found:   0
 Total of SymErr found:   0

 Analysis of symmetry relations in quartic force constants
 -------------------------------------------------------

 Total of NumErr found:   0
 Total of SymErr found:   0

     ==================================================
                   Coriolis Couplings
     ==================================================

 Coriolis Couplings along the X axis
 -----------------------------------
               1             2             3             4 
     1   0.000000D+00
     2   0.000000D+00  0.000000D+00
     3   0.328311D+00  0.000000D+00  0.000000D+00
     4   0.463185D+00  0.000000D+00 -0.952563D+00  0.000000D+00

 Coriolis Couplings along the Y axis
 -----------------------------------
               1             2             3             4 
     1   0.000000D+00
     2   0.000000D+00  0.000000D+00
     3  -0.790481D+00  0.000000D+00  0.000000D+00
     4  -0.341749D+00  0.000000D+00 -0.127384D+00  0.000000D+00

 Coriolis Couplings along the Z axis
 -----------------------------------
               1             2             3             4 
     1   0.000000D+00
     2   0.000000D+00  0.000000D+00
     3  -0.479804D+00  0.000000D+00  0.000000D+00
     4   0.741537D+00  0.000000D+00  0.276401D+00  0.000000D+00

    3 Coriolis couplings larger than .100D-02 along the X axis
    3 Coriolis couplings larger than .100D-02 along the Y axis
    3 Coriolis couplings larger than .100D-02 along the Z axis

     ==================================================
     Printing Energy derivatives and Coriolis Couplings
     ==================================================
 WARNING: The old printing layout is only available for asymmetric tops.

 ........................................................
 :   Reference Energy (a.u.):       -0.188598D+03       :
 :                    (cm-1):       -0.859318D-03       :
 :......................................................:

 ........................................................
 :                   CORIOLIS COUPLINGS                 :
 :......................................................:

       Ax    I    J      Zeta(I,J)

        x    3    1       0.32831
        x    4    1       0.46318
        x    4    3      -0.95256
        y    3    1      -0.79048
        y    4    1      -0.34175
        y    4    3      -0.12738
        z    3    1      -0.47980
        z    4    1       0.74154
        z    4    3       0.27640

       9 Coriolis Couplings larger than 0.100D-02 over      30

 ........................................................
 :      QUADRATIC FORCE CONSTANTS IN NORMAL MODES       :
 :                                                      :
 : FI =  Frequency [cm-1]                               :
 : k  =  Force Const.[ attoJ * amu(-1) * ang(-2) ]      :
 : K  =  Force Const.[ Hartrees * amu(-1) * bohr(-2) ]  :
 :......................................................:

             I    J      FI(I,J)     k(I,J)      K(I,J)

             1    1    2421.45747     3.45465     0.22189
             2    2    1362.38023     1.09357     0.07024
             3    3     655.03805     0.25280     0.01624
             4    4     655.03805     0.25280     0.01624

       4 2nd derivatives larger than 0.371D-04 over      10

 ........................................................
 :        CUBIC FORCE CONSTANTS IN NORMAL MODES         :
 :                                                      :
 : FI =  Reduced values [cm-1]  (default input)         :
 : k  =  Cubic Force Const.[AttoJ*amu(-3/2)*Ang(-3)]    :
 : K  =  Cubic Force Const.[Hartree*amu(-3/2)*Bohr(-3)] :
 :......................................................:

        I    J    K    FI(I,J,K)   k(I,J,K)    K(I,J,K)

        2    1    1    -503.97404    -4.57058    -0.15535
        2    2    2    -264.58053    -1.35003    -0.04589
        3    2    1     124.49233     0.58722     0.01996
        3    3    2     122.44242     0.30039     0.01021
        4    2    1    -222.64533    -1.05020    -0.03570
        4    3    2      48.52249     0.11904     0.00405
        4    4    2      36.27602     0.08900     0.00302

       7 3rd derivatives larger than 0.371D-04 over      20

 ........................................................
 :                                                      :
 :       QUARTIC FORCE CONSTANTS IN NORMAL MODES        :
 :                                                      :
 : FI =  Reduced values [cm-1]  (default input)         :
 : k  =  Quartic Force Const.[AttoJ*amu(-2)*Ang(-4)]    :
 : K  =  Quartic Force Const.[Hartree*amu(-2)*Bohr(-4)] :
 :......................................................:

   I    J    K    L   FI(I,J,K,L) k(I,J,K,L) K(I,J,K,L)

   1    1    1    1     158.52142    16.24297     0.29215
   2    2    1    1      80.63446     4.64857     0.08361
   2    2    2    2      42.08700     1.36511     0.02455
   3    1    1    1     -58.73725    -3.13030    -0.05630
   3    2    2    1     -29.88105    -0.89596    -0.01612
   3    3    1    1    -102.16068    -2.83172    -0.05093
   3    3    2    2     -41.05157    -0.64020    -0.01151
   3    3    3    1      42.66874     0.61514     0.01106
   3    3    3    3      60.57826     0.45423     0.00817
   4    1    1    1     105.04724     5.59831     0.10069
   4    2    2    1      53.44005     1.60236     0.02882
   4    3    1    1     -46.57577    -1.29100    -0.02322
   4    3    2    2     -22.95319    -0.35796    -0.00644
   4    3    3    1     -76.30989    -1.10013    -0.01979
   4    3    3    3      32.48377     0.24357     0.00438
   4    4    1    1     -73.53347    -2.03822    -0.03666
   4    4    2    2     -26.94367    -0.42019    -0.00756
   4    4    3    1      42.66874     0.61514     0.01106
   4    4    3    3      -8.81635    -0.06611    -0.00119
   4    4    4    1     -76.30990    -1.10013    -0.01979
   4    4    4    3      31.08864     0.23311     0.00419
   4    4    4    4      19.24618     0.14431     0.00260

      22 4th derivatives larger than 0.371D-04 over      35

     ==================================================
          Input to Restart Anharmonic Calculations
     ==================================================

***************** cut here for Dina input *****************
 DataSrc=(InDerAU,NMOrder=AscNoIrrep)

              1    1            0.016238
              2    2            0.016238
              3    3            0.070241
              4    4            0.221894
         3    1    1            0.003025
         3    2    1            0.004046
         3    2    2            0.010210
         3    3    3           -0.045886
         4    3    1           -0.035696
         4    3    2            0.019959
         4    4    3           -0.155351
    1    1    1    1            0.002596
    2    2    1    1           -0.001189
    2    2    2    1            0.004381
    2    2    2    2            0.008170
    3    3    1    1           -0.007558
    3    3    2    1           -0.006438
    3    3    2    2           -0.011515
    3    3    3    3            0.024553
    4    4    1    1           -0.036660
    4    4    2    1           -0.023220
    4    4    2    2           -0.050932
    4    4    3    3            0.083611
    4    4    4    1            0.100693
    4    4    4    2           -0.056303
    4    4    4    4            0.292152
         x    1    2           -0.952563
         x    1    4            0.463185
         x    2    4            0.328311
         y    1    2           -0.127384
         y    1    4           -0.341749
         y    2    4           -0.790481
         z    1    2            0.276401
         z    1    4            0.741537
         z    2    4           -0.479804

***************** cut here for Dina input *****************

     ==================================================
                     Input for POLYMODE
     ==================================================

 ***************** cut here for POLYMODE input *****************
  4,  1,  4,  7, 22,  0,  9,  5,  0
SCF-CI
          Input generated by DiNa
  1, 1,  0.445384D-05 /
  2, 2,  0.445384D-05 /
  3, 3,  0.192663D-04 /
  4, 4,  0.608632D-04 /
  1, 1, 3, 0.194332D-07 /
  1, 2, 3, 0.519874D-07 /
  2, 2, 3, 0.655929D-07 /
  3, 3, 3, -.982637D-07 /
  1, 3, 4, -.458642D-06 /
  2, 3, 4, 0.256450D-06 /
  3, 4, 4, -.998029D-06 /
  1, 1, 1, 1, 0.325472D-10 /
  1, 1, 2, 2, -.894559D-10 /
  1, 2, 2, 2, 0.219733D-09 /
  2, 2, 2, 2, 0.102444D-09 /
  1, 1, 3, 3, -.568602D-09 /
  1, 2, 3, 3, -.968780D-09 /
  2, 2, 3, 3, -.866327D-09 /
  3, 3, 3, 3, 0.307879D-09 /
  1, 1, 4, 4, -.275813D-08 /
  1, 2, 4, 4, -.349398D-08 /
  2, 2, 4, 4, -.383190D-08 /
  3, 3, 4, 4, 0.629047D-08 /
  1, 4, 4, 4, 0.505044D-08 /
  2, 4, 4, 4, -.282396D-08 /
  4, 4, 4, 4, 0.366334D-08 /
 -.259048D-10,0.283796D+06,0.283796D+06 /
  2, 5, 1, 0.952563D+00 /
  4, 5, 1, -.463185D+00 /
  4, 5, 2, -.328311D+00 /
  2, 5, 1, 0.127384D+00 /
  4, 5, 1, 0.341749D+00 /
  4, 5, 2, 0.790481D+00 /
  2, 5, 1, -.276401D+00 /
  4, 5, 1, -.741537D+00 /
  4, 5, 2, 0.479804D+00 /
 ***************** cut here for POLYMODE input *****************

     ==================================================
          Derivatives of the Inertia Moments w.r.t
                Normal modes (in amu^1/2.Ang)
     ==================================================

              Ixx        Ixy        Iyy        Ixz        Iyz        Izz
 Q(  1)     0.00000    0.00000    0.00000    0.00000    0.00000    0.00000
 Q(  2)     4.40179   -5.46537    9.81256    2.98023    1.85014   12.19661
 Q(  3)     0.00000    0.00000    0.00000    0.00000    0.00000    0.00000
 Q(  4)     0.00000    0.00000    0.00000    0.00000    0.00000    0.00000

     ==================================================
               Vibro-rotational Alpha Matrix
     ==================================================

 Vibro-Rot alpha Matrix (in cm^-1)
 ---------------------------------
                a(x)           b(y)           c(z)
 Q( 1)        0.00070        0.00210        0.00000
 Q( 2)******************************        0.00000
 Q( 3)        0.00016       -0.00018        0.00000
 Q( 4)        0.00012        0.00002        0.00000

 Vibro-Rot alpha Matrix (in MHz)
 -------------------------------
                 a              b              c 
 Q( 1)       20.99446       62.85670        0.00000
 Q( 2)******************************        0.00000
 Q( 3)        4.91985       -5.25074        0.00000
 Q( 4)        3.51544        0.50220        0.00000

     ==================================================
          Quartic Centrifugal Distortion Constants
     ==================================================

 NOTE: Values in Cartesian coords. refer to the structure in Input orientation


 Quartic Centrifugal Distortion Constants Tau Prime
 --------------------------------------------------
                      cm^-1                    MHz
 TauP aaaa     -0.7976684636D+57        -0.2391349894D+62
 TauP bbaa     -0.3530749623D+26        -0.1058492108D+31
 TauP bbbb     -0.2751838267D-06        -0.8249803582D-02
 cm-1                       MHz
 De    0.1994171159D+57         0.5978374734D+61

     ==================================================
           Sextic Centrifugal Distortion Constants
     ==================================================


 Sextic Distortion Constants
 ---------------------------
                       in cm-1                  in Hz
 Phi aaa         0.3085305765+114         0.9249513990+124
 Phi aab         0.3970100070-316         0.0000000000D+00
 Phi abb                      NaN                      NaN
 Phi bbb         0.1367180803D+19         0.4098704934D+29

 Linear molecule
 ---------------
                       cm^-1                    Hz
 He               0.3085305765+114         0.9249513990+124

     ==================================================
            Rotational l-type doubling constants
     ==================================================
 Ref.: J.K.G. Watson, J. Mol. Spectry. 101, 83 (1983)
       q_i = q_i^e + (q_i^J)*J(J+1) + (q_i^K)*K(K+-1)^2

 q^e constants (in cm^-1)
 ------------------------


 q^J constants (in cm^-1)
 ------------------------


 q^K constants (in cm^-1)
 ------------------------


     ==================================================
                     Resonance Analysis
     ==================================================

 Thresholds
 ----------
 Maximum Difference PT2 vs. Variational (cm-1) :      1.000
 Minimum value for Darling-Dennison term (cm-1):     10.000

 Fermi resonances
 ----------------
   I   J + K   Freq.Diff.  Reduced Cubic Const.  PT2-Variat.Diff.
   2   3   3       52.304        122.442                6.136

    1 Active Fermi resonances over    1

 Darling-Dennison resonances
 ---------------------------
  I  J     Freq.Diff.  Reduced Darl.Denn.
  4  3         0.000       -15.438

    1 Active Darling-Dennison resonances over    1

     ==================================================
                     Anharmonic X Matrix
     ==================================================

 PT2 model: Deperturbed VPT2 (DVPT2)
 Ref.: V. Barone, J. Chem. Phys. 122, 1, 014108 (2005)

 Coriolis contributions to X Matrix (in cm^-1)
 ---------------------------------------------
                1             2             3             4
      1  0.000000D+00
      2  0.000000D+00  0.000000D+00
      3  0.147704D+01  0.000000D+00  0.000000D+00
      4  0.135179D+01  0.000000D+00  0.773353D+00  0.000000D+00

 3rd Deriv. contributions to X Matrix (in cm^-1)
 -----------------------------------------------
                1             2             3             4
      1 -0.223025D+02
      2 -0.225537D+02 -0.535237D+01
      3  0.161929D+02  0.377951D+01 -0.155086D+01
      4  0.189294D+02 -0.119660D+02 -0.698402D+01 -0.922365D+00

 4th Deriv. contributions to X Matrix (in cm^-1)
 -----------------------------------------------
                1             2             3             4
      1  0.990759D+01
      2  0.201586D+02  0.263044D+01
      3 -0.255402D+02 -0.102629D+02  0.378614D+01
      4 -0.183834D+02 -0.673592D+01 -0.220409D+01  0.120289D+01

 Total Anharmonic X Matrix (in cm^-1)
 ------------------------------------
                1             2             3             4
      1 -0.123949D+02
      2 -0.239509D+01 -0.272193D+01
      3 -0.787021D+01 -0.648338D+01  0.223529D+01
      4  0.189785D+01 -0.187019D+02 -0.841475D+01  0.280522D+00

     ==================================================
            Deperturbed terms for anharmonicity
     ==================================================

 Deperturbed terms in FMat (Fermi Resonances)
 --------------------------------------------

         2                           3   3
    0.13431D+04    0.30611D+02    0.13007D+04

 Deperturbed terms in FMat (Darling-Dennison Resonances)
-------------------------------------------------------

       4   4                           3   3
    0.12865D+04   -0.38594D+01    0.13007D+04

 Vibrational Energies (cm^-1)
 ----------------------------
  Mode(Quanta)   E(depert.)  E(after diag.)
   2(1)           1343.146     1359.220
   3(2)           1300.719     1282.058
   4(2)           1286.540     1289.128

     ==================================================
                Anharmonic Zero Point Energy
     ==================================================

 Anharmonic Zero Point Energy
 ----------------------------
 Harmonic       : cm-1 =  2546.95690 ; Kcal/mol =   7.282 ; KJ/mol =  30.468
 Anharm.Pot.    : cm-1 =   -15.74791 ; Kcal/mol =  -0.045 ; KJ/mol =  -0.188
 Watson+Coriolis: cm-1 =     0.28938 ; Kcal/mol =   0.001 ; KJ/mol =   0.003
 X0F (Im. Freq.): cm-1 =     0.00000 ; Kcal/mol =   0.000 ; KJ/mol =   0.000
 Total Anharm   : cm-1 =  2531.49838 ; Kcal/mol =   7.238 ; KJ/mol =  30.283

     ==================================================
          Vibrational Energies at Anharmonic Level
     ==================================================

 Vibrational Energies and Rotational Constants (in cm^-1)
 --------------------------------------------------------
 Mode(Quanta)      E(harm)     E(anharm)     Aa(x)       Ba(y)       Ca(z)
 Equilibrium Geometry                        0.386677    0.386677    0.000000
 Ground State       2546.957    2531.498   *********** ***********    0.000000
 Fundamental Bands (DE w.r.t. Ground State)
   1(1) active      2421.457    2392.484  *********** ***********    0.000000
   2(1) active      1362.380    1359.220  *********** ***********    0.000000
   3(1) active       655.038     648.124  *********** ***********    0.000000
   4(1) active       655.038     642.990  *********** ***********    0.000000
 Overtones (DE w.r.t. Ground State)
   1(2)             4842.915    4760.178  *********** ***********    0.000000
   2(2)             2724.760    2680.848  *********** ***********    0.000000
   3(2)             1310.076    1282.058  *********** ***********    0.000000
   4(2)             1310.076    1289.128  *********** ***********    0.000000
 Combination Bands (DE w.r.t. Ground State)
   2(1)    1(1)     3783.838    3733.235  *********** ***********    0.000000
   3(1)    1(1)     3076.496    3032.738  *********** ***********    0.000000
   3(1)    2(1)     2017.418    1984.787  *********** ***********    0.000000
   4(1)    1(1)     3076.496    3037.371  *********** ***********    0.000000
   4(1)    2(1)     2017.418    1967.434  *********** ***********    0.000000
   4(1)    3(1)     1310.076    1282.699  *********** ***********    0.000000

     ==================================================
               Anharmonic Transition Moments
     ==================================================

 Electric dipole : Fundamental Bands
 ------------------------------------------------------------------------
  Mode(Quanta)             X                 Y                 Z
    1(1)                0.944260E-01      0.585370E-01     -0.319547E-01
    2(1)               -0.551121E-14     -0.163572E-13     -0.350264E-14
    3(1)                0.200982E+08      0.310649E+08      0.176280E+07
    4(1)                0.500903E+07      0.151367E+08     -0.215103E+08

 Electric dipole : Overtones
 ------------------------------------------------------------------------
  Mode(Quanta)             X                 Y                 Z
    1(2)                0.936267E-16      0.277883E-15      0.595042E-16
    2(2)                0.190651E-15      0.565852E-15      0.121168E-15
    3(2)                0.674672E-16      0.200242E-15      0.428786E-16
    4(2)                0.104129E-14      0.309055E-14      0.661791E-15

 Electric dipole : Combination Bands
 ------------------------------------------------------------------------
  Mode(Quanta)             X                 Y                 Z
    2(1)    1(1)       -0.135539E-01     -0.889161E-02      0.463565E-02
    3(1)    1(1)       -0.928420E-16     -0.275554E-15     -0.590055E-16
    3(1)    2(1)       -0.117448E-01     -0.665016E-02      0.356446E-02
    4(1)    1(1)        0.166041E-15      0.492809E-15      0.105527E-15
    4(1)    2(1)        0.206370E-01      0.115374E-01     -0.713222E-02
    4(1)    3(1)        0.196975E-14      0.584621E-14      0.125187E-14
 ERROR: Missing derivatives of the polarizability tensor moment.

     ==================================================
              Anharmonic Infrared Spectroscopy
     ==================================================

 Units: Energies (E) in cm^-1
        Integrated intensity (I) in km.mol^-1

 Fundamental Bands
 -----------------
    Mode(Quanta)       E(harm)   E(anharm)       I(harm)        I(anharm)
     1(1)              2421.457   2392.484    577.56096780    517.77479900
     2(1)              1362.380   1359.220      0.00000000      0.00000000
     3(1)               655.038    648.124     49.04162265 ***************
     4(1)               655.038    642.990     93.86028640 ***************

 Overtones
 ---------
    Mode(Quanta)       E(harm)   E(anharm)                      I(anharm)
     1(2)              4842.915   4760.178                      0.00000000
     2(2)              2724.760   2680.848                      0.00000000
     3(2)              1310.076   1282.058                      0.00000000
     4(2)              1310.076   1289.128                      0.00000000

 Combination Bands
 -----------------
    Mode(Quanta)       E(harm)   E(anharm)                      I(anharm)
     2(1)     1(1)     3783.838   3733.235                     17.18518974
     3(1)     1(1)     3076.496   3032.738                      0.00000000
     3(1)     2(1)     2017.418   1984.787                      6.26352387
     4(1)     1(1)     3076.496   3037.371                      0.00000000
     4(1)     2(1)     2017.418   1967.434                     19.43087405
     4(1)     3(1)     1310.076   1282.699                      0.00000000

